{"level":"debug","time":"2025-06-05T15:43:44.200+0530","caller":"cmd/bin.go:137","msg":"cli os: darwin, cli arch: arm64"}
{"level":"debug","time":"2025-06-05T15:43:44.945+0530","caller":"cmd/bin.go:146","msg":"Upstream version details: {Name:cli Min:0.2.195 Max:0.2.280} "}
{"level":"info","time":"2025-06-05T15:43:44.946+0530","caller":"cmd/bin.go:154","msg":"Current binary version 0.2.264 is less than max upstream version 0.2.280."}
{"level":"info","time":"2025-06-05T15:43:44.946+0530","caller":"updater/updater.go:63","msg":"Auto updating binary ..................."}
{"level":"debug","time":"2025-06-05T15:43:44.946+0530","caller":"updater/updater.go:64","msg":"Download url: https://downloads.hyperexecute.cloud/hyperexecute/cli/0.2.280/darwin/hyperexecute"}
{"level":"debug","time":"2025-06-05T15:43:49.774+0530","caller":"updater/updater.go:85","msg":"New binary downloaded successfully "}
{"level":"info","time":"2025-06-05T15:43:49.775+0530","caller":"cmd/bin.go:166","msg":"Update successfully installed. Restarting the binary..."}
{"level":"debug","time":"2025-06-05T15:50:07.453+0530","caller":"cmd/bin.go:186","msg":"Child binary process exited with error: exit status 1"}
":"2025-06-05T15:43:52.347+0530","caller":"cmd/bin.go:153","msg":"Upstream version details: {Name:cli Min:0.2.195 Max:0.2.280} "}
{"level":"info","time":"2025-06-05T15:43:52.347+0530","caller":"cmd/bin.go:201","msg":"Generating TraceID for tracking request: 01JWZSABD4ETPWFQRWBT9R187D \n"}
{"level":"debug","time":"2025-06-05T15:43:54.942+0530","caller":"core/lifecycle.go:108","msg":"Setting environment"}
{"level":"debug","time":"2025-06-05T15:43:54.942+0530","caller":"core/lifecycle.go:111","msg":"Parsing config"}
{"level":"debug","time":"2025-06-05T15:43:54.943+0530","caller":"yamlconfigmanager/setup.go:719","msg":"Custom location for .hyperexecute.yaml specified. Using: yaml/win/junit_hyperexecute_autosplit_sample.yaml"}
{"level":"debug","time":"2025-06-05T15:43:54.943+0530","caller":"yamlconfigmanager/setup.go:117","msg":"using hyperexecute config from : yaml/win/junit_hyperexecute_autosplit_sample.yaml"}
{"level":"debug","time":"2025-06-05T15:43:55.859+0530","caller":"yamlconfigmanager/setup.go:2119","msg":"Autodetecting test type in files of path : /Users/roshank/Downloads/junit-selenium-hyperexecute-sample-main 4"}
{"level":"debug","time":"2025-06-05T15:43:55.861+0530","caller":"yamlconfigmanager/setup.go:541","msg":"Tunnel: %!t(<nil>)"}
{"level":"info","time":"2025-06-05T15:43:55.861+0530","caller":"models/HypertestYamlConfig.go:874","msg":"\n\u001b[4m\u001b[1m\u001b[97mExecution Plan\u001b[0m\u001b[22m\u001b[24m"}
{"level":"info","time":"2025-06-05T15:43:55.861+0530","caller":"models/HypertestYamlConfig.go:675","msg":"Mode:    \u001b[36mautosplit\u001b[0m"}
{"level":"info","time":"2025-06-05T15:43:55.862+0530","caller":"models/HypertestYamlConfig.go:735","msg":"Runson:    \u001b[36mwin\u001b[0m"}
{"level":"info","time":"2025-06-05T15:43:55.862+0530","caller":"models/HypertestYamlConfig.go:743","msg":"Concurrency:    \u001b[36m3\u001b[0m"}
{"level":"info","time":"2025-06-05T15:43:55.862+0530","caller":"models/HypertestYamlConfig.go:807","msg":"Report:    \u001b[36mdisabled\u001b[0m"}
{"level":"info","time":"2025-06-05T15:43:55.862+0530","caller":"models/HypertestYamlConfig.go:887","msg":""}
{"level":"debug","time":"2025-06-05T15:43:55.862+0530","caller":"filevalidator/setup.go:49","msg":"Warning: Checking data.json file in current directory, no dataJsonPath found in .hyperexecute.yaml"}
{"level":"debug","time":"2025-06-05T15:43:55.862+0530","caller":"filevalidator/setup.go:53","msg":"Warning: data.json file doesn't exist"}
{"level":"debug","time":"2025-06-05T15:43:56.832+0530","caller":"core/lifecycle.go:517","msg":"Job ID: a967c631-081c-49da-9e89-b5b8145aaf29"}
{"level":"debug","time":"2025-06-05T15:43:56.833+0530","caller":"core/lifecycle.go:520","msg":"User - roshank, triggered job with ID a967c631-081c-49da-9e89-b5b8145aaf29 from CLI"}
{"level":"debug","time":"2025-06-05T15:43:56.832+0530","caller":"events/manager.go:95","msg":"Starting event manager"}
{"level":"debug","time":"2025-06-05T15:43:56.833+0530","caller":"events/manager.go:97","msg":"SSE enabled, getting SSE connection"}
{"level":"debug","time":"2025-06-05T15:43:56.835+0530","caller":"archivemanager/setup.go:340","msg":"digestMap: map[]"}
{"level":"debug","time":"2025-06-05T15:43:56.835+0530","caller":"archivemanager/setup.go:346","msg":"Creating archive of target directory: /Users/roshank/Downloads/junit-selenium-hyperexecute-sample-main 4"}
{"level":"debug","time":"2025-06-05T15:43:56.863+0530","caller":"core/lifecycle.go:660","msg":"Zip file size: 193.27 kB"}
{"level":"debug","time":"2025-06-05T15:43:56.863+0530","caller":"core/lifecycle.go:670","msg":"Archive location: /Users/roshank/Downloads/junit-selenium-hyperexecute-sample-main 4/hyperexecute-code-a967c631-081c-49da-9e89-b5b8145aaf29.zip\n"}
{"level":"debug","time":"2025-06-05T15:43:56.864+0530","caller":"storage/azure.go:59","msg":"Payload size: 193.27 kB, source path /Users/roshank/Downloads/junit-selenium-hyperexecute-sample-main 4/hyperexecute-code-a967c631-081c-49da-9e89-b5b8145aaf29.zip"}
{"level":"debug","time":"2025-06-05T15:43:56.864+0530","caller":"utils/azcopy.go:143","msg":"Downloading dependency binary ..................."}
{"level":"debug","time":"2025-06-05T15:43:57.825+0530","caller":"events/manager.go:277","msg":"connection to hyperexecute server established successfully."}
{"level":"debug","time":"2025-06-05T15:43:58.151+0530","caller":"utils/azcopy.go:100","msg":"Downloading dependency to upload files"}
{"level":"info","time":"2025-06-05T15:44:21.239+0530","caller":"utils/azcopy.go:118","msg":"\u001b[91m\u001b[32m✔\u001b[0m Dependency binary downloaded successfully\u001b[0m"}
{"level":"debug","time":"2025-06-05T15:44:21.239+0530","caller":"utils/azcopy.go:190","msg":"returning from fallback"}
{"level":"info","time":"2025-06-05T15:44:25.300+0530","caller":"storage/azure.go:114","msg":"File upload completed in 28.436628417s"}
{"level":"debug","time":"2025-06-05T15:44:25.300+0530","caller":"receptionmanager/setup.go:267","msg":"number of entries in runtimes: 0, switching to new yaml format"}
{"level":"debug","time":"2025-06-05T15:44:25.300+0530","caller":"receptionmanager/setup.go:296","msg":"number of entries in partialreports: 0, switching to new yaml format"}
{"level":"debug","time":"2025-06-05T15:44:25.300+0530","caller":"receptionmanager/setup.go:184","msg":"Uploading yaml : /Users/roshank/Downloads/junit-selenium-hyperexecute-sample-main 4/.updatedhyperexecute.yaml"}
{"level":"debug","time":"2025-06-05T15:44:25.300+0530","caller":"storage/azure.go:59","msg":"Payload size: 3.27 kB, source path /Users/roshank/Downloads/junit-selenium-hyperexecute-sample-main 4/.updatedhyperexecute.yaml"}
{"level":"info","time":"2025-06-05T15:44:35.377+0530","caller":"storage/azure.go:114","msg":"File upload completed in 10.07721925s"}
{"level":"debug","time":"2025-06-05T15:44:35.378+0530","caller":"core/lifecycle.go:697","msg":"Successfully deleted code archive: /Users/roshank/Downloads/junit-selenium-hyperexecute-sample-main 4/hyperexecute-code-a967c631-081c-49da-9e89-b5b8145aaf29.zip\n"}
{"level":"debug","time":"2025-06-05T15:44:35.378+0530","caller":"storage/azure.go:59","msg":"Payload size: 380 B, source path yaml/win/mask-a967c631-081c-49da-9e89-b5b8145aaf29.yaml"}
{"level":"info","time":"2025-06-05T15:44:45.460+0530","caller":"storage/azure.go:114","msg":"File upload completed in 10.08140225s"}
{"level":"debug","time":"2025-06-05T15:44:48.020+0530","caller":"jobmanager/sse_setup.go:199","msg":"Task id: HYPW-32518-1749118486802017574JLA"}
{"level":"debug","time":"2025-06-05T15:44:48.020+0530","caller":"jobmanager/sse_setup.go:200","msg":"Sending new task alert to stage manager for taskId: HYPW-32518-1749118486802017574JLA"}
{"level":"debug","time":"2025-06-05T15:44:48.020+0530","caller":"jobmanager/sse_setup.go:199","msg":"Task id: HYPW-32518-1749118486846084389BBI"}
{"level":"debug","time":"2025-06-05T15:44:48.020+0530","caller":"jobmanager/sse_setup.go:200","msg":"Sending new task alert to stage manager for taskId: HYPW-32518-1749118486846084389BBI"}
{"level":"debug","time":"2025-06-05T15:44:48.020+0530","caller":"jobmanager/sse_setup.go:199","msg":"Task id: HYPW-32518-1749118486894674868IZC"}
{"level":"debug","time":"2025-06-05T15:44:48.020+0530","caller":"jobmanager/sse_setup.go:200","msg":"Sending new task alert to stage manager for taskId: HYPW-32518-1749118486894674868IZC"}
{"level":"info","time":"2025-06-05T15:44:49.802+0530","caller":"jobmanager/sse_setup.go:85","msg":"\nJob \u001b[1m\u001b[4ma967c631-081c-49da-9e89-b5b8145aaf29\u001b[24m\u001b[22m has started \u001b[97mRUNNING\u001b[0m"}
{"level":"info","time":"2025-06-05T15:44:49.802+0530","caller":"jobmanager/manager.go:143","msg":"Job Link: \u001b[4m\u001b[34mhttps://hyperexecute.lambdatest.com/hyperexecute/task?jobId=a967c631-081c-49da-9e89-b5b8145aaf29\u001b[0m\u001b[24m\n"}
{"level":"info","time":"2025-06-05T15:45:01.794+0530","caller":"terminal/terminal.go:187","msg":"\u001b[32m✔\u001b[0m [2]  \u001b[2mpre (13s)\u001b[22m\n"}
{"level":"info","time":"2025-06-05T15:45:01.862+0530","caller":"terminal/terminal.go:187","msg":"\u001b[32m✔\u001b[0m [2]  \u001b[2mdiscovery (1s)\u001b[22m\n"}
{"level":"info","time":"2025-06-05T15:45:04.419+0530","caller":"terminal/terminal.go:187","msg":"\u001b[32m✔\u001b[0m [3]  \u001b[2mpre (15s)\u001b[22m\n"}
{"level":"info","time":"2025-06-05T15:45:04.467+0530","caller":"terminal/terminal.go:187","msg":"\u001b[32m✔\u001b[0m [1]  \u001b[2mpre (16s)\u001b[22m\n"}
{"level":"info","time":"2025-06-05T15:45:04.516+0530","caller":"terminal/terminal.go:187","msg":"\u001b[32m✔\u001b[0m [3]  \u001b[2mdiscovery (1s)\u001b[22m\n"}
{"level":"info","time":"2025-06-05T15:45:04.624+0530","caller":"terminal/terminal.go:187","msg":"\u001b[32m✔\u001b[0m [1]  \u001b[2mdiscovery (1s)\u001b[22m\n"}
{"level":"debug","time":"2025-06-05T15:46:46.077+0530","caller":"events/manager.go:268","msg":"Connection to server failed, Reconnecting!!"}
{"level":"debug","time":"2025-06-05T15:46:46.887+0530","caller":"events/manager.go:277","msg":"connection to hyperexecute server established successfully."}
{"level":"debug","time":"2025-06-05T15:48:26.903+0530","caller":"events/manager.go:268","msg":"Connection to server failed, Reconnecting!!"}
{"level":"debug","time":"2025-06-05T15:48:28.497+0530","caller":"events/manager.go:277","msg":"connection to hyperexecute server established successfully."}
{"level":"info","time":"2025-06-05T15:49:22.811+0530","caller":"terminal/terminal.go:187","msg":"\u001b[91mx\u001b[0m [1]  \u001b[2mSelPlayGroundTest1 (4m15s)\u001b[22m\n"}
{"level":"debug","time":"2025-06-05T15:49:37.448+0530","caller":"jobmanager/sse_setup.go:141","msg":"\n\nJob status"}
{"level":"info","time":"2025-06-05T15:49:37.449+0530","caller":"core/lifecycle.go:782","msg":"taskId:HYPW-32518-1749118486802017574JLA has failed with remark: Job failed as encountered a Test level failure\n"}
{"level":"debug","time":"2025-06-05T15:49:37.449+0530","caller":"core/lifecycle.go:875","msg":"Context canceled"}
{"level":"info","time":"2025-06-05T15:49:37.449+0530","caller":"core/lifecycle.go:878","msg":"\u001b[2mStopping pipeline gracefully\u001b[22m"}
{"level":"error","time":"2025-06-05T15:49:37.449+0530","caller":"core/lifecycle.go:881","msg":"2025-06-05T15:43:50+05:30    error    Exiting with error: Failed tasks found."}
{"level":"info","time":"2025-06-05T15:49:37.449+0530","caller":"jobmanager/manager.go:143","msg":"Job Link: \u001b[4m\u001b[34mhttps://hyperexecute.lambdatest.com/hyperexecute/task?jobId=a967c631-081c-49da-9e89-b5b8145aaf29\u001b[0m\u001b[24m\n"}
{"level":"debug","time":"2025-06-05T15:49:37.449+0530","caller":"core/lifecycle.go:59","msg":"Quit requested from main goroutine...."}
{"level":"debug","time":"2025-06-05T15:49:37.449+0530","caller":"core/lifecycle.go:60","msg":"Waiting for the goroutines to exit"}
{"level":"info","time":"2025-06-05T15:49:38.211+0530","caller":"jobmanager/JobSummaryManager.go:54","msg":"\n\u001b[101m FAILED \u001b[0m\n"}
{"level":"info","time":"2025-06-05T15:49:38.211+0530","caller":"jobmanager/JobSummaryManager.go:113","msg":"    \u001b[1mTest Execution Time\u001b[22m:                  \u001b[91m2m21s\u001b[0m"}
{"level":"info","time":"2025-06-05T15:49:38.211+0530","caller":"jobmanager/JobSummaryManager.go:113","msg":"    \u001b[1mJob Duration Time\u001b[22m:                    4m36s"}
{"level":"info","time":"2025-06-05T15:49:38.211+0530","caller":"jobmanager/JobSummaryManager.go:113","msg":"    \u001b[1mTotal Tasks\u001b[22m:                          3"}
{"level":"info","time":"2025-06-05T15:49:38.211+0530","caller":"jobmanager/JobSummaryManager.go:113","msg":"    \u001b[1mCumulative Time Consumed\u001b[22m:             5m5s"}
{"level":"info","time":"2025-06-05T15:49:38.211+0530","caller":"jobmanager/JobSummaryManager.go:113","msg":"    \u001b[1mTotal Stages\u001b[22m:                         7"}
{"level":"info","time":"2025-06-05T15:49:38.211+0530","caller":"jobmanager/JobSummaryManager.go:113","msg":"    \u001b[1mPass discovery stage percentage\u001b[22m:      100.00%"}
{"level":"info","time":"2025-06-05T15:49:38.211+0530","caller":"jobmanager/JobSummaryManager.go:113","msg":"    \u001b[1mFailed discovery stage percentage\u001b[22m:    0.00%"}
{"level":"info","time":"2025-06-05T15:49:38.211+0530","caller":"jobmanager/JobSummaryManager.go:113","msg":"    \u001b[1mPass pre stage percentage\u001b[22m:            \u001b[92m100.00%\u001b[0m"}
{"level":"info","time":"2025-06-05T15:49:38.212+0530","caller":"jobmanager/JobSummaryManager.go:113","msg":"    \u001b[1mFailed pre stage percentage\u001b[22m:          0.00%"}
{"level":"info","time":"2025-06-05T15:49:38.212+0530","caller":"jobmanager/JobSummaryManager.go:113","msg":"    \u001b[1mPass test stage percentage\u001b[22m:           0.00%"}
{"level":"info","time":"2025-06-05T15:49:38.212+0530","caller":"jobmanager/JobSummaryManager.go:113","msg":"    \u001b[1mFailed test stage percentage\u001b[22m:         \u001b[91m100.00%\u001b[0m"}
{"level":"info","time":"2025-06-05T15:49:38.212+0530","caller":"jobmanager/JobSummaryManager.go:113","msg":"    \u001b[1mPass post stage percentage\u001b[22m:           0.00%"}
{"level":"info","time":"2025-06-05T15:49:38.212+0530","caller":"jobmanager/JobSummaryManager.go:113","msg":"    \u001b[1mFailed post stage percentage\u001b[22m:         0.00%"}
{"level":"info","time":"2025-06-05T15:49:38.212+0530","caller":"jobmanager/JobSummaryManager.go:113","msg":"    \u001b[1mFailed Tasks\u001b[22m:                         1"}
{"level":"info","time":"2025-06-05T15:49:38.212+0530","caller":"jobmanager/JobSummaryManager.go:58","msg":""}
{"level":"debug","time":"2025-06-05T15:50:07.450+0530","caller":"cmd/bin.go:397","msg":"Exiting application due to error Failed tasks found."}
{"level":"debug","time":"2025-06-05T16:03:39.859+0530","caller":"cmd/bin.go:144","msg":"cli os: darwin, cli arch: arm64"}
{"level":"debug","time":"2025-06-05T16:03:40.677+0530","caller":"cmd/bin.go:153","msg":"Upstream version details: {Name:cli Min:0.2.195 Max:0.2.280} "}
{"level":"info","time":"2025-06-05T16:03:40.678+0530","caller":"cmd/bin.go:201","msg":"Generating TraceID for tracking request: 01JWZTEKYGXP4TJA6GVXQE1CHF \n"}
{"level":"debug","time":"2025-06-05T16:03:43.546+0530","caller":"core/lifecycle.go:108","msg":"Setting environment"}
{"level":"debug","time":"2025-06-05T16:03:43.548+0530","caller":"core/lifecycle.go:111","msg":"Parsing config"}
{"level":"debug","time":"2025-06-05T16:03:43.549+0530","caller":"yamlconfigmanager/setup.go:719","msg":"Custom location for .hyperexecute.yaml specified. Using: yaml/win/junit_hyperexecute_autosplit_sample.yaml"}
{"level":"debug","time":"2025-06-05T16:03:43.550+0530","caller":"yamlconfigmanager/setup.go:117","msg":"using hyperexecute config from : yaml/win/junit_hyperexecute_autosplit_sample.yaml"}
{"level":"debug","time":"2025-06-05T16:03:44.417+0530","caller":"yamlconfigmanager/setup.go:2119","msg":"Autodetecting test type in files of path : /Users/roshank/Downloads/junit-selenium-hyperexecute-sample-main 4"}
{"level":"debug","time":"2025-06-05T16:03:44.420+0530","caller":"yamlconfigmanager/setup.go:541","msg":"Tunnel: %!t(<nil>)"}
{"level":"info","time":"2025-06-05T16:03:44.420+0530","caller":"models/HypertestYamlConfig.go:874","msg":"\n\u001b[4m\u001b[1m\u001b[97mExecution Plan\u001b[0m\u001b[22m\u001b[24m"}
{"level":"info","time":"2025-06-05T16:03:44.420+0530","caller":"models/HypertestYamlConfig.go:675","msg":"Mode:    \u001b[36mautosplit\u001b[0m"}
{"level":"info","time":"2025-06-05T16:03:44.420+0530","caller":"models/HypertestYamlConfig.go:735","msg":"Runson:    \u001b[36mwin\u001b[0m"}
{"level":"info","time":"2025-06-05T16:03:44.420+0530","caller":"models/HypertestYamlConfig.go:743","msg":"Concurrency:    \u001b[36m3\u001b[0m"}
{"level":"info","time":"2025-06-05T16:03:44.420+0530","caller":"models/HypertestYamlConfig.go:807","msg":"Report:    \u001b[36mdisabled\u001b[0m"}
{"level":"info","time":"2025-06-05T16:03:44.420+0530","caller":"models/HypertestYamlConfig.go:887","msg":""}
{"level":"debug","time":"2025-06-05T16:03:44.420+0530","caller":"filevalidator/setup.go:49","msg":"Warning: Checking data.json file in current directory, no dataJsonPath found in .hyperexecute.yaml"}
{"level":"debug","time":"2025-06-05T16:03:44.420+0530","caller":"filevalidator/setup.go:53","msg":"Warning: data.json file doesn't exist"}
{"level":"debug","time":"2025-06-05T16:03:45.265+0530","caller":"core/lifecycle.go:517","msg":"Job ID: e3069798-eea2-435c-8fce-bf23ee2a81c6"}
{"level":"debug","time":"2025-06-05T16:03:45.265+0530","caller":"core/lifecycle.go:520","msg":"User - roshank, triggered job with ID e3069798-eea2-435c-8fce-bf23ee2a81c6 from CLI"}
{"level":"debug","time":"2025-06-05T16:03:45.265+0530","caller":"events/manager.go:95","msg":"Starting event manager"}
{"level":"debug","time":"2025-06-05T16:03:45.266+0530","caller":"events/manager.go:97","msg":"SSE enabled, getting SSE connection"}
{"level":"debug","time":"2025-06-05T16:03:45.267+0530","caller":"archivemanager/setup.go:340","msg":"digestMap: map[]"}
{"level":"debug","time":"2025-06-05T16:03:45.267+0530","caller":"archivemanager/setup.go:346","msg":"Creating archive of target directory: /Users/roshank/Downloads/junit-selenium-hyperexecute-sample-main 4"}
{"level":"debug","time":"2025-06-05T16:03:45.295+0530","caller":"core/lifecycle.go:660","msg":"Zip file size: 193.28 kB"}
{"level":"debug","time":"2025-06-05T16:03:45.295+0530","caller":"core/lifecycle.go:670","msg":"Archive location: /Users/roshank/Downloads/junit-selenium-hyperexecute-sample-main 4/hyperexecute-code-e3069798-eea2-435c-8fce-bf23ee2a81c6.zip\n"}
{"level":"debug","time":"2025-06-05T16:03:45.295+0530","caller":"storage/azure.go:59","msg":"Payload size: 193.28 kB, source path /Users/roshank/Downloads/junit-selenium-hyperexecute-sample-main 4/hyperexecute-code-e3069798-eea2-435c-8fce-bf23ee2a81c6.zip"}
{"level":"debug","time":"2025-06-05T16:03:46.642+0530","caller":"events/manager.go:277","msg":"connection to hyperexecute server established successfully."}
{"level":"info","time":"2025-06-05T16:03:57.642+0530","caller":"storage/azure.go:114","msg":"File upload completed in 12.347241417s"}
{"level":"debug","time":"2025-06-05T16:03:57.643+0530","caller":"receptionmanager/setup.go:267","msg":"number of entries in runtimes: 0, switching to new yaml format"}
{"level":"debug","time":"2025-06-05T16:03:57.643+0530","caller":"receptionmanager/setup.go:296","msg":"number of entries in partialreports: 0, switching to new yaml format"}
{"level":"debug","time":"2025-06-05T16:03:57.643+0530","caller":"receptionmanager/setup.go:184","msg":"Uploading yaml : /Users/roshank/Downloads/junit-selenium-hyperexecute-sample-main 4/.updatedhyperexecute.yaml"}
{"level":"debug","time":"2025-06-05T16:03:57.643+0530","caller":"storage/azure.go:59","msg":"Payload size: 3.27 kB, source path /Users/roshank/Downloads/junit-selenium-hyperexecute-sample-main 4/.updatedhyperexecute.yaml"}
{"level":"info","time":"2025-06-05T16:04:07.723+0530","caller":"storage/azure.go:114","msg":"File upload completed in 10.07978975s"}
{"level":"debug","time":"2025-06-05T16:04:07.723+0530","caller":"core/lifecycle.go:697","msg":"Successfully deleted code archive: /Users/roshank/Downloads/junit-selenium-hyperexecute-sample-main 4/hyperexecute-code-e3069798-eea2-435c-8fce-bf23ee2a81c6.zip\n"}
{"level":"debug","time":"2025-06-05T16:04:07.724+0530","caller":"storage/azure.go:59","msg":"Payload size: 380 B, source path yaml/win/mask-e3069798-eea2-435c-8fce-bf23ee2a81c6.yaml"}
{"level":"info","time":"2025-06-05T16:04:17.809+0530","caller":"storage/azure.go:114","msg":"File upload completed in 10.0852575s"}
{"level":"debug","time":"2025-06-05T16:04:20.156+0530","caller":"jobmanager/sse_setup.go:199","msg":"Task id: HYPW-32518-1749119658864107301YPV"}
{"level":"debug","time":"2025-06-05T16:04:20.156+0530","caller":"jobmanager/sse_setup.go:200","msg":"Sending new task alert to stage manager for taskId: HYPW-32518-1749119658864107301YPV"}
{"level":"debug","time":"2025-06-05T16:04:20.156+0530","caller":"jobmanager/sse_setup.go:199","msg":"Task id: HYPW-32518-1749119658913529972ZJA"}
{"level":"debug","time":"2025-06-05T16:04:20.156+0530","caller":"jobmanager/sse_setup.go:200","msg":"Sending new task alert to stage manager for taskId: HYPW-32518-1749119658913529972ZJA"}
{"level":"debug","time":"2025-06-05T16:04:20.156+0530","caller":"jobmanager/sse_setup.go:199","msg":"Task id: HYPW-32518-1749119658955815246APY"}
{"level":"debug","time":"2025-06-05T16:04:20.156+0530","caller":"jobmanager/sse_setup.go:200","msg":"Sending new task alert to stage manager for taskId: HYPW-32518-1749119658955815246APY"}
{"level":"info","time":"2025-06-05T16:04:21.962+0530","caller":"jobmanager/sse_setup.go:85","msg":"\nJob \u001b[1m\u001b[4me3069798-eea2-435c-8fce-bf23ee2a81c6\u001b[24m\u001b[22m has started \u001b[97mRUNNING\u001b[0m"}
{"level":"info","time":"2025-06-05T16:04:21.965+0530","caller":"jobmanager/manager.go:143","msg":"Job Link: \u001b[4m\u001b[34mhttps://hyperexecute.lambdatest.com/hyperexecute/task?jobId=e3069798-eea2-435c-8fce-bf23ee2a81c6\u001b[0m\u001b[24m\n"}
{"level":"info","time":"2025-06-05T16:04:30.973+0530","caller":"terminal/terminal.go:187","msg":"\u001b[32m✔\u001b[0m [3]  \u001b[2mpre (10s)\u001b[22m\n"}
{"level":"info","time":"2025-06-05T16:04:31.019+0530","caller":"terminal/terminal.go:187","msg":"\u001b[32m✔\u001b[0m [3]  \u001b[2mdiscovery (1s)\u001b[22m\n"}
{"level":"info","time":"2025-06-05T16:04:33.312+0530","caller":"terminal/terminal.go:187","msg":"\u001b[32m✔\u001b[0m [2]  \u001b[2mpre (12s)\u001b[22m\n"}
{"level":"info","time":"2025-06-05T16:04:33.460+0530","caller":"terminal/terminal.go:187","msg":"\u001b[32m✔\u001b[0m [2]  \u001b[2mdiscovery (0s)\u001b[22m\n"}
{"level":"info","time":"2025-06-05T16:04:35.567+0530","caller":"terminal/terminal.go:187","msg":"\u001b[32m✔\u001b[0m [1]  \u001b[2mpre (15s)\u001b[22m\n"}
{"level":"info","time":"2025-06-05T16:04:35.744+0530","caller":"terminal/terminal.go:187","msg":"\u001b[32m✔\u001b[0m [1]  \u001b[2mdiscovery (1s)\u001b[22m\n"}
{"level":"info","time":"2025-06-05T16:06:15.901+0530","caller":"terminal/terminal.go:187","msg":"\u001b[32m✔\u001b[0m [1]  \u001b[2mSelPlayGroundTest1 (1m39s)\u001b[22m\n"}
{"level":"debug","time":"2025-06-05T16:06:18.095+0530","caller":"jobmanager/sse_setup.go:141","msg":"\n\nJob status"}
{"level":"debug","time":"2025-06-05T16:06:18.095+0530","caller":"core/lifecycle.go:875","msg":"Context canceled"}
{"level":"info","time":"2025-06-05T16:06:18.095+0530","caller":"core/lifecycle.go:878","msg":"\u001b[2mStopping pipeline gracefully\u001b[22m"}
{"level":"info","time":"2025-06-05T16:06:18.095+0530","caller":"jobmanager/manager.go:143","msg":"Job Link: \u001b[4m\u001b[34mhttps://hyperexecute.lambdatest.com/hyperexecute/task?jobId=e3069798-eea2-435c-8fce-bf23ee2a81c6\u001b[0m\u001b[24m\n"}
{"level":"debug","time":"2025-06-05T16:06:18.095+0530","caller":"core/lifecycle.go:59","msg":"Quit requested from main goroutine...."}
{"level":"debug","time":"2025-06-05T16:06:18.095+0530","caller":"core/lifecycle.go:60","msg":"Waiting for the goroutines to exit"}
{"level":"info","time":"2025-06-05T16:06:18.746+0530","caller":"jobmanager/JobSummaryManager.go:54","msg":"\n\u001b[102m\u001b[1m\u001b[30m COMPLETED \u001b[0m\u001b[22m\u001b[0m\n"}
{"level":"info","time":"2025-06-05T16:06:18.746+0530","caller":"jobmanager/JobSummaryManager.go:113","msg":"    \u001b[1mTest Execution Time\u001b[22m:                  \u001b[92m26s\u001b[0m"}
{"level":"info","time":"2025-06-05T16:06:18.747+0530","caller":"jobmanager/JobSummaryManager.go:113","msg":"    \u001b[1mJob Duration Time\u001b[22m:                    1m56s"}
{"level":"info","time":"2025-06-05T16:06:18.747+0530","caller":"jobmanager/JobSummaryManager.go:113","msg":"    \u001b[1mTotal Tasks\u001b[22m:                          3"}
{"level":"info","time":"2025-06-05T16:06:18.747+0530","caller":"jobmanager/JobSummaryManager.go:113","msg":"    \u001b[1mCumulative Time Consumed\u001b[22m:             2m20s"}
{"level":"info","time":"2025-06-05T16:06:18.747+0530","caller":"jobmanager/JobSummaryManager.go:113","msg":"    \u001b[1mTotal Stages\u001b[22m:                         7"}
{"level":"info","time":"2025-06-05T16:06:18.747+0530","caller":"jobmanager/JobSummaryManager.go:113","msg":"    \u001b[1mPass discovery stage percentage\u001b[22m:      100.00%"}
{"level":"info","time":"2025-06-05T16:06:18.747+0530","caller":"jobmanager/JobSummaryManager.go:113","msg":"    \u001b[1mFailed discovery stage percentage\u001b[22m:    0.00%"}
{"level":"info","time":"2025-06-05T16:06:18.747+0530","caller":"jobmanager/JobSummaryManager.go:113","msg":"    \u001b[1mPass pre stage percentage\u001b[22m:            \u001b[92m100.00%\u001b[0m"}
{"level":"info","time":"2025-06-05T16:06:18.747+0530","caller":"jobmanager/JobSummaryManager.go:113","msg":"    \u001b[1mFailed pre stage percentage\u001b[22m:          0.00%"}
{"level":"info","time":"2025-06-05T16:06:18.747+0530","caller":"jobmanager/JobSummaryManager.go:113","msg":"    \u001b[1mPass test stage percentage\u001b[22m:           \u001b[92m100.00%\u001b[0m"}
{"level":"info","time":"2025-06-05T16:06:18.747+0530","caller":"jobmanager/JobSummaryManager.go:113","msg":"    \u001b[1mFailed test stage percentage\u001b[22m:         0.00%"}
{"level":"info","time":"2025-06-05T16:06:18.747+0530","caller":"jobmanager/JobSummaryManager.go:113","msg":"    \u001b[1mPass post stage percentage\u001b[22m:           0.00%"}
{"level":"info","time":"2025-06-05T16:06:18.747+0530","caller":"jobmanager/JobSummaryManager.go:113","msg":"    \u001b[1mFailed post stage percentage\u001b[22m:         0.00%"}
{"level":"info","time":"2025-06-05T16:06:18.747+0530","caller":"jobmanager/JobSummaryManager.go:113","msg":"    \u001b[1mFailed Tasks\u001b[22m:                         0"}
{"level":"info","time":"2025-06-05T16:06:18.747+0530","caller":"jobmanager/JobSummaryManager.go:58","msg":""}
{"level":"debug","time":"2025-06-05T16:06:48.096+0530","caller":"cmd/bin.go:358","msg":"main: all goroutines have finished."}
{"level":"debug","time":"2025-06-05T17:09:40.050+0530","caller":"cmd/bin.go:144","msg":"cli os: darwin, cli arch: arm64"}
{"level":"debug","time":"2025-06-05T17:09:40.811+0530","caller":"cmd/bin.go:153","msg":"Upstream version details: {Name:cli Min:0.2.195 Max:0.2.280} "}
{"level":"info","time":"2025-06-05T17:09:40.811+0530","caller":"cmd/bin.go:201","msg":"Generating TraceID for tracking request: 01JWZY7FA4TG0AFKR4DSR8HRZG \n"}
{"level":"debug","time":"2025-06-05T17:09:43.725+0530","caller":"core/lifecycle.go:108","msg":"Setting environment"}
{"level":"debug","time":"2025-06-05T17:09:43.727+0530","caller":"core/lifecycle.go:111","msg":"Parsing config"}
{"level":"debug","time":"2025-06-05T17:09:43.727+0530","caller":"yamlconfigmanager/setup.go:719","msg":"Custom location for .hyperexecute.yaml specified. Using: yaml/win/junit_hyperexecute_autosplit_sample.yaml"}
{"level":"debug","time":"2025-06-05T17:09:43.727+0530","caller":"yamlconfigmanager/setup.go:117","msg":"using hyperexecute config from : yaml/win/junit_hyperexecute_autosplit_sample.yaml"}
{"level":"debug","time":"2025-06-05T17:09:44.586+0530","caller":"yamlconfigmanager/setup.go:2119","msg":"Autodetecting test type in files of path : /Users/roshank/Downloads/junit-selenium-hyperexecute-sample-main 4"}
{"level":"debug","time":"2025-06-05T17:09:44.588+0530","caller":"yamlconfigmanager/setup.go:541","msg":"Tunnel: %!t(<nil>)"}
{"level":"info","time":"2025-06-05T17:09:44.588+0530","caller":"models/HypertestYamlConfig.go:874","msg":"\n\u001b[4m\u001b[1m\u001b[97mExecution Plan\u001b[0m\u001b[22m\u001b[24m"}
{"level":"info","time":"2025-06-05T17:09:44.588+0530","caller":"models/HypertestYamlConfig.go:675","msg":"Mode:    \u001b[36mautosplit\u001b[0m"}
{"level":"info","time":"2025-06-05T17:09:44.588+0530","caller":"models/HypertestYamlConfig.go:735","msg":"Runson:    \u001b[36mwin\u001b[0m"}
{"level":"info","time":"2025-06-05T17:09:44.588+0530","caller":"models/HypertestYamlConfig.go:743","msg":"Concurrency:    \u001b[36m3\u001b[0m"}
{"level":"info","time":"2025-06-05T17:09:44.588+0530","caller":"models/HypertestYamlConfig.go:807","msg":"Report:    \u001b[36mdisabled\u001b[0m"}
{"level":"info","time":"2025-06-05T17:09:44.588+0530","caller":"models/HypertestYamlConfig.go:887","msg":""}
{"level":"debug","time":"2025-06-05T17:09:44.588+0530","caller":"filevalidator/setup.go:49","msg":"Warning: Checking data.json file in current directory, no dataJsonPath found in .hyperexecute.yaml"}
{"level":"debug","time":"2025-06-05T17:09:44.588+0530","caller":"filevalidator/setup.go:53","msg":"Warning: data.json file doesn't exist"}
{"level":"debug","time":"2025-06-05T17:09:45.506+0530","caller":"core/lifecycle.go:517","msg":"Job ID: 5fe44856-fcac-42fa-a376-8ef4e68c1e05"}
{"level":"debug","time":"2025-06-05T17:09:45.506+0530","caller":"core/lifecycle.go:520","msg":"User - roshank, triggered job with ID 5fe44856-fcac-42fa-a376-8ef4e68c1e05 from CLI"}
{"level":"debug","time":"2025-06-05T17:09:45.506+0530","caller":"events/manager.go:95","msg":"Starting event manager"}
{"level":"debug","time":"2025-06-05T17:09:45.506+0530","caller":"events/manager.go:97","msg":"SSE enabled, getting SSE connection"}
{"level":"debug","time":"2025-06-05T17:09:45.507+0530","caller":"archivemanager/setup.go:340","msg":"digestMap: map[]"}
{"level":"debug","time":"2025-06-05T17:09:45.507+0530","caller":"archivemanager/setup.go:346","msg":"Creating archive of target directory: /Users/roshank/Downloads/junit-selenium-hyperexecute-sample-main 4"}
{"level":"debug","time":"2025-06-05T17:09:45.532+0530","caller":"core/lifecycle.go:660","msg":"Zip file size: 193.27 kB"}
{"level":"debug","time":"2025-06-05T17:09:45.532+0530","caller":"core/lifecycle.go:670","msg":"Archive location: /Users/roshank/Downloads/junit-selenium-hyperexecute-sample-main 4/hyperexecute-code-5fe44856-fcac-42fa-a376-8ef4e68c1e05.zip\n"}
{"level":"debug","time":"2025-06-05T17:09:45.533+0530","caller":"storage/azure.go:59","msg":"Payload size: 193.27 kB, source path /Users/roshank/Downloads/junit-selenium-hyperexecute-sample-main 4/hyperexecute-code-5fe44856-fcac-42fa-a376-8ef4e68c1e05.zip"}
{"level":"debug","time":"2025-06-05T17:09:46.557+0530","caller":"events/manager.go:277","msg":"connection to hyperexecute server established successfully."}
{"level":"info","time":"2025-06-05T17:09:57.867+0530","caller":"storage/azure.go:114","msg":"File upload completed in 12.33428925s"}
{"level":"debug","time":"2025-06-05T17:09:57.868+0530","caller":"receptionmanager/setup.go:267","msg":"number of entries in runtimes: 0, switching to new yaml format"}
{"level":"debug","time":"2025-06-05T17:09:57.868+0530","caller":"receptionmanager/setup.go:296","msg":"number of entries in partialreports: 0, switching to new yaml format"}
{"level":"debug","time":"2025-06-05T17:09:57.868+0530","caller":"receptionmanager/setup.go:184","msg":"Uploading yaml : /Users/roshank/Downloads/junit-selenium-hyperexecute-sample-main 4/.updatedhyperexecute.yaml"}
{"level":"debug","time":"2025-06-05T17:09:57.868+0530","caller":"storage/azure.go:59","msg":"Payload size: 3.27 kB, source path /Users/roshank/Downloads/junit-selenium-hyperexecute-sample-main 4/.updatedhyperexecute.yaml"}
{"level":"info","time":"2025-06-05T17:10:07.935+0530","caller":"storage/azure.go:114","msg":"File upload completed in 10.066688667s"}
{"level":"debug","time":"2025-06-05T17:10:07.935+0530","caller":"core/lifecycle.go:697","msg":"Successfully deleted code archive: /Users/roshank/Downloads/junit-selenium-hyperexecute-sample-main 4/hyperexecute-code-5fe44856-fcac-42fa-a376-8ef4e68c1e05.zip\n"}
{"level":"debug","time":"2025-06-05T17:10:07.936+0530","caller":"storage/azure.go:59","msg":"Payload size: 380 B, source path yaml/win/mask-5fe44856-fcac-42fa-a376-8ef4e68c1e05.yaml"}
{"level":"info","time":"2025-06-05T17:10:18.015+0530","caller":"storage/azure.go:114","msg":"File upload completed in 10.078834459s"}
{"level":"debug","time":"2025-06-05T17:10:20.436+0530","caller":"jobmanager/sse_setup.go:199","msg":"Task id: HYPW-32518-1749123619099606214GYM"}
{"level":"debug","time":"2025-06-05T17:10:20.437+0530","caller":"jobmanager/sse_setup.go:200","msg":"Sending new task alert to stage manager for taskId: HYPW-32518-1749123619099606214GYM"}
{"level":"debug","time":"2025-06-05T17:10:20.437+0530","caller":"jobmanager/sse_setup.go:199","msg":"Task id: HYPW-32518-1749123619157833810CDG"}
{"level":"debug","time":"2025-06-05T17:10:20.437+0530","caller":"jobmanager/sse_setup.go:200","msg":"Sending new task alert to stage manager for taskId: HYPW-32518-1749123619157833810CDG"}
{"level":"debug","time":"2025-06-05T17:10:20.437+0530","caller":"jobmanager/sse_setup.go:199","msg":"Task id: HYPW-32518-1749123619214732158FDA"}
{"level":"debug","time":"2025-06-05T17:10:20.437+0530","caller":"jobmanager/sse_setup.go:200","msg":"Sending new task alert to stage manager for taskId: HYPW-32518-1749123619214732158FDA"}
{"level":"info","time":"2025-06-05T17:10:22.093+0530","caller":"jobmanager/sse_setup.go:85","msg":"\nJob \u001b[1m\u001b[4m5fe44856-fcac-42fa-a376-8ef4e68c1e05\u001b[24m\u001b[22m has started \u001b[97mRUNNING\u001b[0m"}
{"level":"info","time":"2025-06-05T17:10:22.093+0530","caller":"jobmanager/manager.go:143","msg":"Job Link: \u001b[4m\u001b[34mhttps://hyperexecute.lambdatest.com/hyperexecute/task?jobId=5fe44856-fcac-42fa-a376-8ef4e68c1e05\u001b[0m\u001b[24m\n"}
{"level":"info","time":"2025-06-05T17:10:31.945+0530","caller":"terminal/terminal.go:187","msg":"\u001b[32m✔\u001b[0m [1]  \u001b[2mpre (11s)\u001b[22m\n"}
{"level":"info","time":"2025-06-05T17:10:32.023+0530","caller":"terminal/terminal.go:187","msg":"\u001b[32m✔\u001b[0m [1]  \u001b[2mdiscovery (1s)\u001b[22m\n"}
{"level":"info","time":"2025-06-05T17:10:33.403+0530","caller":"terminal/terminal.go:187","msg":"\u001b[32m✔\u001b[0m [2]  \u001b[2mpre (12s)\u001b[22m\n"}
{"level":"info","time":"2025-06-05T17:10:33.546+0530","caller":"terminal/terminal.go:187","msg":"\u001b[32m✔\u001b[0m [2]  \u001b[2mdiscovery (0s)\u001b[22m\n"}
{"level":"info","time":"2025-06-05T17:10:33.665+0530","caller":"terminal/terminal.go:187","msg":"\u001b[32m✔\u001b[0m [3]  \u001b[2mpre (13s)\u001b[22m\n"}
{"level":"info","time":"2025-06-05T17:10:33.797+0530","caller":"terminal/terminal.go:187","msg":"\u001b[32m✔\u001b[0m [3]  \u001b[2mdiscovery (1s)\u001b[22m\n"}
{"level":"debug","time":"2025-06-05T17:12:14.951+0530","caller":"events/manager.go:268","msg":"Connection to server failed, Reconnecting!!"}
{"level":"debug","time":"2025-06-05T17:12:15.962+0530","caller":"events/manager.go:277","msg":"connection to hyperexecute server established successfully."}
{"level":"info","time":"2025-06-05T17:13:15.016+0530","caller":"terminal/terminal.go:187","msg":"\u001b[32m✔\u001b[0m [1]  \u001b[2mSelPlayGroundTest1 (2m41s)\u001b[22m\n"}
{"level":"debug","time":"2025-06-05T17:13:17.205+0530","caller":"jobmanager/sse_setup.go:141","msg":"\n\nJob status"}
{"level":"debug","time":"2025-06-05T17:13:17.206+0530","caller":"core/lifecycle.go:875","msg":"Context canceled"}
{"level":"info","time":"2025-06-05T17:13:17.206+0530","caller":"core/lifecycle.go:878","msg":"\u001b[2mStopping pipeline gracefully\u001b[22m"}
{"level":"info","time":"2025-06-05T17:13:17.206+0530","caller":"jobmanager/manager.go:143","msg":"Job Link: \u001b[4m\u001b[34mhttps://hyperexecute.lambdatest.com/hyperexecute/task?jobId=5fe44856-fcac-42fa-a376-8ef4e68c1e05\u001b[0m\u001b[24m\n"}
{"level":"debug","time":"2025-06-05T17:13:17.206+0530","caller":"core/lifecycle.go:59","msg":"Quit requested from main goroutine...."}
{"level":"debug","time":"2025-06-05T17:13:17.206+0530","caller":"core/lifecycle.go:60","msg":"Waiting for the goroutines to exit"}
{"level":"info","time":"2025-06-05T17:13:17.919+0530","caller":"jobmanager/JobSummaryManager.go:54","msg":"\n\u001b[102m\u001b[1m\u001b[30m COMPLETED \u001b[0m\u001b[22m\u001b[0m\n"}
{"level":"info","time":"2025-06-05T17:13:17.920+0530","caller":"jobmanager/JobSummaryManager.go:113","msg":"    \u001b[1mTest Execution Time\u001b[22m:                  \u001b[92m1m40s\u001b[0m"}
{"level":"info","time":"2025-06-05T17:13:17.920+0530","caller":"jobmanager/JobSummaryManager.go:113","msg":"    \u001b[1mJob Duration Time\u001b[22m:                    2m55s"}
{"level":"info","time":"2025-06-05T17:13:17.920+0530","caller":"jobmanager/JobSummaryManager.go:113","msg":"    \u001b[1mTotal Tasks\u001b[22m:                          3"}
{"level":"info","time":"2025-06-05T17:13:17.920+0530","caller":"jobmanager/JobSummaryManager.go:113","msg":"    \u001b[1mCumulative Time Consumed\u001b[22m:             3m19s"}
{"level":"info","time":"2025-06-05T17:13:17.920+0530","caller":"jobmanager/JobSummaryManager.go:113","msg":"    \u001b[1mTotal Stages\u001b[22m:                         7"}
{"level":"info","time":"2025-06-05T17:13:17.920+0530","caller":"jobmanager/JobSummaryManager.go:113","msg":"    \u001b[1mPass discovery stage percentage\u001b[22m:      100.00%"}
{"level":"info","time":"2025-06-05T17:13:17.920+0530","caller":"jobmanager/JobSummaryManager.go:113","msg":"    \u001b[1mFailed discovery stage percentage\u001b[22m:    0.00%"}
{"level":"info","time":"2025-06-05T17:13:17.920+0530","caller":"jobmanager/JobSummaryManager.go:113","msg":"    \u001b[1mPass pre stage percentage\u001b[22m:            \u001b[92m100.00%\u001b[0m"}
{"level":"info","time":"2025-06-05T17:13:17.920+0530","caller":"jobmanager/JobSummaryManager.go:113","msg":"    \u001b[1mFailed pre stage percentage\u001b[22m:          0.00%"}
{"level":"info","time":"2025-06-05T17:13:17.920+0530","caller":"jobmanager/JobSummaryManager.go:113","msg":"    \u001b[1mPass test stage percentage\u001b[22m:           \u001b[92m100.00%\u001b[0m"}
{"level":"info","time":"2025-06-05T17:13:17.920+0530","caller":"jobmanager/JobSummaryManager.go:113","msg":"    \u001b[1mFailed test stage percentage\u001b[22m:         0.00%"}
{"level":"info","time":"2025-06-05T17:13:17.920+0530","caller":"jobmanager/JobSummaryManager.go:113","msg":"    \u001b[1mPass post stage percentage\u001b[22m:           0.00%"}
{"level":"info","time":"2025-06-05T17:13:17.920+0530","caller":"jobmanager/JobSummaryManager.go:113","msg":"    \u001b[1mFailed post stage percentage\u001b[22m:         0.00%"}
{"level":"info","time":"2025-06-05T17:13:17.920+0530","caller":"jobmanager/JobSummaryManager.go:113","msg":"    \u001b[1mFailed Tasks\u001b[22m:                         0"}
{"level":"info","time":"2025-06-05T17:13:17.920+0530","caller":"jobmanager/JobSummaryManager.go:58","msg":""}
{"level":"debug","time":"2025-06-05T17:13:47.208+0530","caller":"cmd/bin.go:358","msg":"main: all goroutines have finished."}
